[2026-02-04 14:31:32] INFO: GET /health {"ip":"::1"}
[2026-02-04 14:31:47] INFO: GET /api/items {"ip":"::1"}
[2026-02-04 14:58:24] INFO: GET /health {"ip":"::1"}
[2026-02-04 15:04:39] INFO: GET /health {"ip":"::1"}
[2026-02-04 15:12:24] INFO: GET /health {"ip":"::1"}
[2026-02-04 15:13:29] INFO: POST /api/users/login {"ip":"::1"}
[2026-02-04 15:13:59] INFO: POST /api/users/login {"ip":"::1"}
[2026-02-04 15:27:02] INFO: POST /api/users/login {"ip":"::1"}
[2026-02-04 15:27:55] INFO: POST /api/users/login {"ip":"::1"}
[2026-02-04 15:30:06] INFO: POST /api/users/login {"ip":"::1"}
[2026-02-04 15:32:05] INFO: POST /api/users/login {"ip":"::1"}
[2026-02-04 15:33:58] INFO: POST /api/users/login {"ip":"::1"}
[2026-02-04 15:34:02] INFO: POST /api/users/login {"ip":"::1"}
[2026-02-04 15:35:29] INFO: POST /api/users/login {"ip":"::1"}
[2026-02-04 15:41:19] INFO: POST /api/users/login {"ip":"::1"}
[2026-02-04 15:42:32] INFO: POST /api/users/login {"ip":"::1"}
[2026-02-04 15:42:45] INFO: POST /api/users/login {"ip":"::1"}
[2026-02-04 15:42:46] INFO: GET /api/admin/stats {"ip":"::1"}
[2026-02-04 15:42:54] INFO: GET /api/admin/users {"ip":"::1"}
[2026-02-04 15:42:56] INFO: GET /api/items {"ip":"::1"}
[2026-02-04 15:43:05] INFO: GET /api/admin/users {"ip":"::1"}
[2026-02-04 15:43:07] INFO: GET /api/admin/stats {"ip":"::1"}
[2026-02-04 15:43:29] INFO: GET /api/admin/users {"ip":"::1"}
[2026-02-04 15:43:33] INFO: GET /api/admin/users?role=admin {"ip":"::1"}
[2026-02-04 15:43:40] INFO: POST /api/users/login {"ip":"::1"}
[2026-02-04 15:43:48] INFO: GET /api/admin/users?role=admin&status=active {"ip":"::1"}
[2026-02-04 15:43:56] INFO: POST /api/users/login {"ip":"::1"}
[2026-02-04 15:44:14] INFO: POST /api/users/login {"ip":"::1"}
[2026-02-04 15:44:15] INFO: GET /api/admin/stats {"ip":"::1"}
[2026-02-04 15:44:23] INFO: GET /api/admin/users {"ip":"::1"}
[2026-02-04 15:44:23] INFO: GET /api/items {"ip":"::1"}
[2026-02-04 15:44:33] INFO: GET /api/admin/stats {"ip":"::1"}
[2026-02-04 15:44:35] INFO: POST /api/users/login {"ip":"::1"}
[2026-02-04 15:45:03] INFO: GET /api/admin/stats {"ip":"::1"}
[2026-02-04 15:45:10] INFO: POST /api/users/login {"ip":"::1"}
[2026-02-04 15:45:33] INFO: GET /api/admin/stats {"ip":"::1"}
[2026-02-04 15:46:03] INFO: GET /api/admin/stats {"ip":"::1"}
